# JRE version: OpenJDK Runtime Environment (17.0.11) (build 17.0.11+0--11852314)
# Java VM: OpenJDK 64-Bit Server VM (17.0.11+0--11852314, mixed mode, tiered, compressed oops, compressed class ptrs, g1 gc, windows-amd64)
GC Precious Log:
 CPUs: 8 total, 8 available
 Memory: 20275M
 Large Page Support: Disabled
 NUMA Support: Disabled
 Compressed Oops: Enabled (32-bit)
 Heap Region Size: 1M
 Heap Min Capacity: 8M
 Heap Initial Capacity: 318M
 Heap Max Capacity: 2G
 Pre-touch: Disabled
 Parallel Workers: 8
 Concurrent Workers: 2
 Concurrent Refinement Workers: 8
 Periodic GC: Disabled
Heap:
 garbage-first heap   total 325632K, used 178929K [0x0000000080000000, 0x0000000100000000)
  region size 1024K, 2 young (2048K), 2 survivors (2048K)
 Metaspace       used 125006K, committed 125824K, reserved 1179648K
  class space    used 17479K, committed 17920K, reserved 1048576K
GC Heap History (20 events):
Event: 24.409 GC heap after
{Heap after GC invocations=28 (full 0):
 garbage-first heap   total 181248K, used 102765K [0x0000000080000000, 0x0000000100000000)
  region size 1024K, 2 young (2048K), 2 survivors (2048K)
 Metaspace       used 105416K, committed 106176K, reserved 1179648K
  class space    used 14519K, committed 14912K, reserved 1048576K
}
Event: 25.186 GC heap before
{Heap before GC invocations=28 (full 0):
 garbage-first heap   total 181248K, used 171373K [0x0000000080000000, 0x0000000100000000)
  region size 1024K, 30 young (30720K), 2 survivors (2048K)
 Metaspace       used 107219K, committed 107968K, reserved 1179648K
  class space    used 14770K, committed 15104K, reserved 1048576K
}
Event: 25.196 GC heap after
{Heap after GC invocations=29 (full 0):
 garbage-first heap   total 181248K, used 146495K [0x0000000080000000, 0x0000000100000000)
  region size 1024K, 4 young (4096K), 4 survivors (4096K)
 Metaspace       used 107219K, committed 107968K, reserved 1179648K
  class space    used 14770K, committed 15104K, reserved 1048576K
}
Event: 25.321 GC heap before
{Heap before GC invocations=29 (full 0):
 garbage-first heap   total 181248K, used 155711K [0x0000000080000000, 0x0000000100000000)
  region size 1024K, 14 young (14336K), 4 survivors (4096K)
 Metaspace       used 107242K, committed 108096K, reserved 1179648K
  class space    used 14772K, committed 15168K, reserved 1048576K
}
Event: 25.349 GC heap after
{Heap after GC invocations=30 (full 0):
 garbage-first heap   total 181248K, used 147962K [0x0000000080000000, 0x0000000100000000)
  region size 1024K, 2 young (2048K), 2 survivors (2048K)
 Metaspace       used 107242K, committed 108096K, reserved 1179648K
  class space    used 14772K, committed 15168K, reserved 1048576K
}
Event: 25.494 GC heap before
{Heap before GC invocations=31 (full 0):
 garbage-first heap   total 249856K, used 156154K [0x0000000080000000, 0x0000000100000000)
  region size 1024K, 11 young (11264K), 2 survivors (2048K)
 Metaspace       used 107251K, committed 108096K, reserved 1179648K
  class space    used 14774K, committed 15168K, reserved 1048576K
}
Event: 25.508 GC heap after
{Heap after GC invocations=32 (full 0):
 garbage-first heap   total 249856K, used 148935K [0x0000000080000000, 0x0000000100000000)
  region size 1024K, 2 young (2048K), 2 survivors (2048K)
 Metaspace       used 107251K, committed 108096K, reserved 1179648K
  class space    used 14774K, committed 15168K, reserved 1048576K
}
Event: 25.707 GC heap before
{Heap before GC invocations=32 (full 0):
 garbage-first heap   total 249856K, used 158151K [0x0000000080000000, 0x0000000100000000)
  region size 1024K, 12 young (12288K), 2 survivors (2048K)
 Metaspace       used 107274K, committed 108096K, reserved 1179648K
  class space    used 14776K, committed 15168K, reserved 1048576K
}
Event: 25.712 GC heap after
{Heap after GC invocations=33 (full 0):
 garbage-first heap   total 249856K, used 146880K [0x0000000080000000, 0x0000000100000000)
  region size 1024K, 2 young (2048K), 2 survivors (2048K)
 Metaspace       used 107274K, committed 108096K, reserved 1179648K
  class space    used 14776K, committed 15168K, reserved 1048576K
}
Event: 26.665 GC heap before
{Heap before GC invocations=33 (full 0):
 garbage-first heap   total 249856K, used 198080K [0x0000000080000000, 0x0000000100000000)
  region size 1024K, 53 young (54272K), 2 survivors (2048K)
 Metaspace       used 111651K, committed 112448K, reserved 1179648K
  class space    used 15400K, committed 15808K, reserved 1048576K
}
Event: 26.670 GC heap after
{Heap after GC invocations=34 (full 0):
 garbage-first heap   total 249856K, used 148594K [0x0000000080000000, 0x0000000100000000)
  region size 1024K, 4 young (4096K), 4 survivors (4096K)
 Metaspace       used 111651K, committed 112448K, reserved 1179648K
  class space    used 15400K, committed 15808K, reserved 1048576K
}
Event: 27.685 GC heap before
{Heap before GC invocations=34 (full 0):
 garbage-first heap   total 249856K, used 200818K [0x0000000080000000, 0x0000000100000000)
  region size 1024K, 56 young (57344K), 4 survivors (4096K)
 Metaspace       used 118754K, committed 119616K, reserved 1179648K
  class space    used 16494K, committed 16896K, reserved 1048576K
}
Event: 27.691 GC heap after
{Heap after GC invocations=35 (full 0):
 garbage-first heap   total 249856K, used 150211K [0x0000000080000000, 0x0000000100000000)
  region size 1024K, 5 young (5120K), 5 survivors (5120K)
 Metaspace       used 118754K, committed 119616K, reserved 1179648K
  class space    used 16494K, committed 16896K, reserved 1048576K
}
Event: 30.629 GC heap before
{Heap before GC invocations=35 (full 0):
 garbage-first heap   total 249856K, used 204483K [0x0000000080000000, 0x0000000100000000)
  region size 1024K, 59 young (60416K), 5 survivors (5120K)
 Metaspace       used 123128K, committed 123968K, reserved 1179648K
  class space    used 17238K, committed 17664K, reserved 1048576K
}
Event: 30.668 GC heap after
{Heap after GC invocations=36 (full 0):
 garbage-first heap   total 249856K, used 152546K [0x0000000080000000, 0x0000000100000000)
  region size 1024K, 6 young (6144K), 6 survivors (6144K)
 Metaspace       used 123128K, committed 123968K, reserved 1179648K
  class space    used 17238K, committed 17664K, reserved 1048576K
}
Event: 32.434 GC heap before
{Heap before GC invocations=36 (full 0):
 garbage-first heap   total 249856K, used 192482K [0x0000000080000000, 0x0000000100000000)
  region size 1024K, 27 young (27648K), 6 survivors (6144K)
 Metaspace       used 125006K, committed 125824K, reserved 1179648K
  class space    used 17479K, committed 17920K, reserved 1048576K
}
Event: 32.465 GC heap after
{Heap after GC invocations=37 (full 0):
 garbage-first heap   total 249856K, used 172749K [0x0000000080000000, 0x0000000100000000)
  region size 1024K, 6 young (6144K), 6 survivors (6144K)
 Metaspace       used 125006K, committed 125824K, reserved 1179648K
  class space    used 17479K, committed 17920K, reserved 1048576K
}
Event: 32.486 GC heap before
{Heap before GC invocations=37 (full 0):
 garbage-first heap   total 249856K, used 189133K [0x0000000080000000, 0x0000000100000000)
  region size 1024K, 7 young (7168K), 6 survivors (6144K)
 Metaspace       used 125006K, committed 125824K, reserved 1179648K
  class space    used 17479K, committed 17920K, reserved 1048576K
}
Event: 32.504 GC heap after
{Heap after GC invocations=38 (full 0):
 garbage-first heap   total 249856K, used 179354K [0x0000000080000000, 0x0000000100000000)
  region size 1024K, 3 young (3072K), 3 survivors (3072K)
 Metaspace       used 125006K, committed 125824K, reserved 1179648K
  class space    used 17479K, committed 17920K, reserved 1048576K
}
Event: 32.505 GC heap before
{Heap before GC invocations=38 (full 0):
 garbage-first heap   total 249856K, used 181402K [0x0000000080000000, 0x0000000100000000)
  region size 1024K, 4 young (4096K), 3 survivors (3072K)
 Metaspace       used 125006K, committed 125824K, reserved 1179648K
  class space    used 17479K, committed 17920K, reserved 1048576K
}

